2021-12-26 13:26:07.460 [main] INFO  MovieSystem.class - baozupo888 Login as Business
2021-12-26 13:47:04.082 [main] INFO  MovieSystem.class - baozupo888 Login as Business
2021-12-26 13:51:20.192 [main] INFO  MovieSystem.class - baozupo888 Login as Business
2021-12-26 13:52:52.799 [main] INFO  MovieSystem.class - baozupo888 Login as Business
2021-12-26 13:54:09.267 [main] INFO  MovieSystem.class - baozupo888 Login as Business
2021-12-26 13:54:41.900 [main] INFO  MovieSystem.class - baozupo888 Login as Business
2021-12-26 13:55:34.123 [main] INFO  MovieSystem.class - baozupo888 Log Out
2021-12-26 13:58:20.810 [main] INFO  MovieSystem.class - baozupo888 Login as Business
2021-12-26 13:58:48.780 [main] INFO  MovieSystem.class - baozupo888 Log Out
2021-12-26 13:59:01.395 [main] INFO  MovieSystem.class - baozupo888 Login as Business
2021-12-26 14:05:59.305 [main] INFO  MovieSystem.class - baozupo888 Login as Business
2021-12-26 14:08:22.808 [main] INFO  MovieSystem.class - baozupo888 Login as Business
2021-12-26 14:08:52.576 [main] INFO  MovieSystem.class - baozupo888 Log Out
2021-12-26 14:09:05.024 [main] INFO  MovieSystem.class - baozupo888 Login as Business
2021-12-26 14:09:11.060 [main] INFO  MovieSystem.class - baozupo888 Log Out
2021-12-26 14:09:26.155 [main] INFO  MovieSystem.class - baozupo888 Login as Business
2021-12-26 14:09:28.978 [main] INFO  MovieSystem.class - baozupo888 Log Out
2021-12-26 14:09:40.925 [main] INFO  MovieSystem.class - bob Account Created
2021-12-26 14:09:44.530 [main] INFO  MovieSystem.class - bob Login as Customer
2021-12-26 14:13:52.416 [main] INFO  MovieSystem.class - bob Account Created
2021-12-26 14:14:25.928 [main] INFO  MovieSystem.class - bob Login as Customer
2021-12-26 14:16:19.259 [main] INFO  MovieSystem.class - bob Login as Customer
2021-12-26 14:20:00.577 [main] INFO  MovieSystem.class - bob Login as Customer
2021-12-26 14:23:54.868 [main] INFO  MovieSystem.class - bob Login as Customer
2021-12-26 14:24:04.069 [main] INFO  MovieSystem.class - bob Log Out
2021-12-26 14:27:33.328 [main] INFO  MovieSystem.class - bob Login as Customer
2021-12-26 14:27:47.285 [main] INFO  MovieSystem.class - bob Log Out
